2025-08-04 02:25:24,905 - [INFO] - Aplicação iniciada.
2025-08-04 02:25:27,815 - [INFO] - Aplicação iniciada.
2025-08-04 02:25:27,826 - [INFO] - Botão 'Analisar' clicado para o ativo: PETR4.SA com pares: []
2025-08-04 02:25:27,826 - [INFO] - --- INICIANDO ANÁLISE PARA: PETR4 ---
2025-08-04 02:25:27,838 - [INFO] - Dados para PETR4 carregados com sucesso. A iniciar a renderização das análises.
2025-08-04 02:25:27,839 - [INFO] - Dados completos recebidos:
{
  "Papel": "PETR4",
  "Cotação": "32,21",
  "Tipo": "PN",
  "Data últ cot": "01/08/2025",
  "Empresa": "PETROBRAS PN",
  "Min 52 sem": "28,88",
  "Setor": "Petróleo, Gás e Biocombustíveis",
  "Max 52 sem": "36,60",
  "Subsetor": "Exploração, Refino e Distribuição",
  "Vol $ méd (2m)": "1.046.110.000",
  "Valor de mercado": "415.146.000.000",
  "Últ balanço processado": "31/03/2025",
  "Valor da firma": "741.422.000.000",
  "Nro. Ações": "12.888.700.000",
  "Oscilações": "Indicadores fundamentalistas",
  "Dia": "-1,32%",
  "P/L": "8,63",
  "LPA": "3,73",
  "Mês": "-1,71%",
  "P/VP": "1,05",
  "VPA": "30,71",
  "30 dias": "2,65%",
  "P/EBIT": "1,97",
  "Marg. Bruta": "49,7%",
  "12 meses": "0,01%",
  "PSR": "0,84",
  "Marg. EBIT": "42,4%",
  "2025": "-6,38%",
  "P/Ativos": "0,36",
  "Marg. Líquida": "9,8%",
  "2024": "18,02%",
  "P/Cap. Giro": "-8,48",
  "EBIT / Ativo": "18,3%",
  "2023": "94,43%",
  "P/Ativ Circ Liq": "-0,66",
  "ROIC": "19,6%",
  "2022": "46,00%",
  "ROE": "12,2%",
  "2021": "22,75%",
  "EV / EBITDA": "2,65",
  "Liquidez Corr": "0,72",
  "2020": "-7,69%",
  "EV / EBIT": "3,53",
  "Div Br/ Patrim": "0,94",
  "Cres. Rec (5a)": "11,5%",
  "Giro Ativos": "0,43",
  "Ativo": "1.147.720.000.000",
  "Dív. Bruta": "370.314.000.000",
  "Disponibilidades": "44.038.000.000",
  "Dív. Líquida": "326.276.000.000",
  "Ativo Circulante": "124.853.000.000",
  "Patrim. Líq": "395.841.000.000",
  "Últimos 12 meses": "Últimos 3 meses",
  "Receita Líquida": "123.144.000.000",
  "EBIT": "51.741.000.000",
  "Lucro Líquido": "35.209.000.000",
  "Nome": "PETROBRAS PN",
  "Div.Yield": "17,4%"
}
2025-08-04 02:25:29,534 - [INFO] - Renderização completa para PETR4.
2025-08-04 02:25:46,628 - [INFO] - Aplicação iniciada.
2025-08-04 02:25:46,639 - [INFO] - --- INICIANDO ANÁLISE PARA: PETR4 ---
2025-08-04 02:25:46,650 - [INFO] - Dados para PETR4 carregados com sucesso. A iniciar a renderização das análises.
2025-08-04 02:25:46,652 - [INFO] - Dados completos recebidos:
{
  "Papel": "PETR4",
  "Cotação": "32,21",
  "Tipo": "PN",
  "Data últ cot": "01/08/2025",
  "Empresa": "PETROBRAS PN",
  "Min 52 sem": "28,88",
  "Setor": "Petróleo, Gás e Biocombustíveis",
  "Max 52 sem": "36,60",
  "Subsetor": "Exploração, Refino e Distribuição",
  "Vol $ méd (2m)": "1.046.110.000",
  "Valor de mercado": "415.146.000.000",
  "Últ balanço processado": "31/03/2025",
  "Valor da firma": "741.422.000.000",
  "Nro. Ações": "12.888.700.000",
  "Oscilações": "Indicadores fundamentalistas",
  "Dia": "-1,32%",
  "P/L": "8,63",
  "LPA": "3,73",
  "Mês": "-1,71%",
  "P/VP": "1,05",
  "VPA": "30,71",
  "30 dias": "2,65%",
  "P/EBIT": "1,97",
  "Marg. Bruta": "49,7%",
  "12 meses": "0,01%",
  "PSR": "0,84",
  "Marg. EBIT": "42,4%",
  "2025": "-6,38%",
  "P/Ativos": "0,36",
  "Marg. Líquida": "9,8%",
  "2024": "18,02%",
  "P/Cap. Giro": "-8,48",
  "EBIT / Ativo": "18,3%",
  "2023": "94,43%",
  "P/Ativ Circ Liq": "-0,66",
  "ROIC": "19,6%",
  "2022": "46,00%",
  "ROE": "12,2%",
  "2021": "22,75%",
  "EV / EBITDA": "2,65",
  "Liquidez Corr": "0,72",
  "2020": "-7,69%",
  "EV / EBIT": "3,53",
  "Div Br/ Patrim": "0,94",
  "Cres. Rec (5a)": "11,5%",
  "Giro Ativos": "0,43",
  "Ativo": "1.147.720.000.000",
  "Dív. Bruta": "370.314.000.000",
  "Disponibilidades": "44.038.000.000",
  "Dív. Líquida": "326.276.000.000",
  "Ativo Circulante": "124.853.000.000",
  "Patrim. Líq": "395.841.000.000",
  "Últimos 12 meses": "Últimos 3 meses",
  "Receita Líquida": "123.144.000.000",
  "EBIT": "51.741.000.000",
  "Lucro Líquido": "35.209.000.000",
  "Nome": "PETROBRAS PN",
  "Div.Yield": "17,4%"
}
2025-08-04 02:25:46,722 - [INFO] - Renderização completa para PETR4.
2025-08-04 02:25:49,994 - [INFO] - Aplicação iniciada.
2025-08-04 02:25:50,009 - [INFO] - --- INICIANDO ANÁLISE PARA: PETR4 ---
2025-08-04 02:25:50,021 - [INFO] - Dados para PETR4 carregados com sucesso. A iniciar a renderização das análises.
2025-08-04 02:25:50,022 - [INFO] - Dados completos recebidos:
{
  "Papel": "PETR4",
  "Cotação": "32,21",
  "Tipo": "PN",
  "Data últ cot": "01/08/2025",
  "Empresa": "PETROBRAS PN",
  "Min 52 sem": "28,88",
  "Setor": "Petróleo, Gás e Biocombustíveis",
  "Max 52 sem": "36,60",
  "Subsetor": "Exploração, Refino e Distribuição",
  "Vol $ méd (2m)": "1.046.110.000",
  "Valor de mercado": "415.146.000.000",
  "Últ balanço processado": "31/03/2025",
  "Valor da firma": "741.422.000.000",
  "Nro. Ações": "12.888.700.000",
  "Oscilações": "Indicadores fundamentalistas",
  "Dia": "-1,32%",
  "P/L": "8,63",
  "LPA": "3,73",
  "Mês": "-1,71%",
  "P/VP": "1,05",
  "VPA": "30,71",
  "30 dias": "2,65%",
  "P/EBIT": "1,97",
  "Marg. Bruta": "49,7%",
  "12 meses": "0,01%",
  "PSR": "0,84",
  "Marg. EBIT": "42,4%",
  "2025": "-6,38%",
  "P/Ativos": "0,36",
  "Marg. Líquida": "9,8%",
  "2024": "18,02%",
  "P/Cap. Giro": "-8,48",
  "EBIT / Ativo": "18,3%",
  "2023": "94,43%",
  "P/Ativ Circ Liq": "-0,66",
  "ROIC": "19,6%",
  "2022": "46,00%",
  "ROE": "12,2%",
  "2021": "22,75%",
  "EV / EBITDA": "2,65",
  "Liquidez Corr": "0,72",
  "2020": "-7,69%",
  "EV / EBIT": "3,53",
  "Div Br/ Patrim": "0,94",
  "Cres. Rec (5a)": "11,5%",
  "Giro Ativos": "0,43",
  "Ativo": "1.147.720.000.000",
  "Dív. Bruta": "370.314.000.000",
  "Disponibilidades": "44.038.000.000",
  "Dív. Líquida": "326.276.000.000",
  "Ativo Circulante": "124.853.000.000",
  "Patrim. Líq": "395.841.000.000",
  "Últimos 12 meses": "Últimos 3 meses",
  "Receita Líquida": "123.144.000.000",
  "EBIT": "51.741.000.000",
  "Lucro Líquido": "35.209.000.000",
  "Nome": "PETROBRAS PN",
  "Div.Yield": "17,4%"
}
2025-08-04 02:25:50,119 - [INFO] - Renderização completa para PETR4.
2025-08-04 02:25:53,247 - [INFO] - Aplicação iniciada.
2025-08-04 02:25:53,259 - [INFO] - --- INICIANDO ANÁLISE PARA: PETR4 ---
2025-08-04 02:25:53,271 - [INFO] - Dados para PETR4 carregados com sucesso. A iniciar a renderização das análises.
2025-08-04 02:25:53,272 - [INFO] - Dados completos recebidos:
{
  "Papel": "PETR4",
  "Cotação": "32,21",
  "Tipo": "PN",
  "Data últ cot": "01/08/2025",
  "Empresa": "PETROBRAS PN",
  "Min 52 sem": "28,88",
  "Setor": "Petróleo, Gás e Biocombustíveis",
  "Max 52 sem": "36,60",
  "Subsetor": "Exploração, Refino e Distribuição",
  "Vol $ méd (2m)": "1.046.110.000",
  "Valor de mercado": "415.146.000.000",
  "Últ balanço processado": "31/03/2025",
  "Valor da firma": "741.422.000.000",
  "Nro. Ações": "12.888.700.000",
  "Oscilações": "Indicadores fundamentalistas",
  "Dia": "-1,32%",
  "P/L": "8,63",
  "LPA": "3,73",
  "Mês": "-1,71%",
  "P/VP": "1,05",
  "VPA": "30,71",
  "30 dias": "2,65%",
  "P/EBIT": "1,97",
  "Marg. Bruta": "49,7%",
  "12 meses": "0,01%",
  "PSR": "0,84",
  "Marg. EBIT": "42,4%",
  "2025": "-6,38%",
  "P/Ativos": "0,36",
  "Marg. Líquida": "9,8%",
  "2024": "18,02%",
  "P/Cap. Giro": "-8,48",
  "EBIT / Ativo": "18,3%",
  "2023": "94,43%",
  "P/Ativ Circ Liq": "-0,66",
  "ROIC": "19,6%",
  "2022": "46,00%",
  "ROE": "12,2%",
  "2021": "22,75%",
  "EV / EBITDA": "2,65",
  "Liquidez Corr": "0,72",
  "2020": "-7,69%",
  "EV / EBIT": "3,53",
  "Div Br/ Patrim": "0,94",
  "Cres. Rec (5a)": "11,5%",
  "Giro Ativos": "0,43",
  "Ativo": "1.147.720.000.000",
  "Dív. Bruta": "370.314.000.000",
  "Disponibilidades": "44.038.000.000",
  "Dív. Líquida": "326.276.000.000",
  "Ativo Circulante": "124.853.000.000",
  "Patrim. Líq": "395.841.000.000",
  "Últimos 12 meses": "Últimos 3 meses",
  "Receita Líquida": "123.144.000.000",
  "EBIT": "51.741.000.000",
  "Lucro Líquido": "35.209.000.000",
  "Nome": "PETROBRAS PN",
  "Div.Yield": "17,4%"
}
2025-08-04 02:25:53,338 - [INFO] - Renderização completa para PETR4.
2025-08-04 02:26:44,348 - [INFO] - Aplicação iniciada.
2025-08-04 02:26:44,357 - [INFO] - --- INICIANDO ANÁLISE PARA: PETR4 ---
2025-08-04 02:26:44,370 - [INFO] - Dados para PETR4 carregados com sucesso. A iniciar a renderização das análises.
2025-08-04 02:26:44,371 - [INFO] - Dados completos recebidos:
{
  "Papel": "PETR4",
  "Cotação": "32,21",
  "Tipo": "PN",
  "Data últ cot": "01/08/2025",
  "Empresa": "PETROBRAS PN",
  "Min 52 sem": "28,88",
  "Setor": "Petróleo, Gás e Biocombustíveis",
  "Max 52 sem": "36,60",
  "Subsetor": "Exploração, Refino e Distribuição",
  "Vol $ méd (2m)": "1.046.110.000",
  "Valor de mercado": "415.146.000.000",
  "Últ balanço processado": "31/03/2025",
  "Valor da firma": "741.422.000.000",
  "Nro. Ações": "12.888.700.000",
  "Oscilações": "Indicadores fundamentalistas",
  "Dia": "-1,32%",
  "P/L": "8,63",
  "LPA": "3,73",
  "Mês": "-1,71%",
  "P/VP": "1,05",
  "VPA": "30,71",
  "30 dias": "2,65%",
  "P/EBIT": "1,97",
  "Marg. Bruta": "49,7%",
  "12 meses": "0,01%",
  "PSR": "0,84",
  "Marg. EBIT": "42,4%",
  "2025": "-6,38%",
  "P/Ativos": "0,36",
  "Marg. Líquida": "9,8%",
  "2024": "18,02%",
  "P/Cap. Giro": "-8,48",
  "EBIT / Ativo": "18,3%",
  "2023": "94,43%",
  "P/Ativ Circ Liq": "-0,66",
  "ROIC": "19,6%",
  "2022": "46,00%",
  "ROE": "12,2%",
  "2021": "22,75%",
  "EV / EBITDA": "2,65",
  "Liquidez Corr": "0,72",
  "2020": "-7,69%",
  "EV / EBIT": "3,53",
  "Div Br/ Patrim": "0,94",
  "Cres. Rec (5a)": "11,5%",
  "Giro Ativos": "0,43",
  "Ativo": "1.147.720.000.000",
  "Dív. Bruta": "370.314.000.000",
  "Disponibilidades": "44.038.000.000",
  "Dív. Líquida": "326.276.000.000",
  "Ativo Circulante": "124.853.000.000",
  "Patrim. Líq": "395.841.000.000",
  "Últimos 12 meses": "Últimos 3 meses",
  "Receita Líquida": "123.144.000.000",
  "EBIT": "51.741.000.000",
  "Lucro Líquido": "35.209.000.000",
  "Nome": "PETROBRAS PN",
  "Div.Yield": "17,4%"
}
2025-08-04 02:26:44,438 - [INFO] - Renderização completa para PETR4.
2025-08-04 02:26:47,191 - [INFO] - Aplicação iniciada.
2025-08-04 02:26:47,202 - [INFO] - Botão 'Analisar' clicado para o ativo: PETR4.SA com pares: ['ABEV3.SA']
2025-08-04 02:26:47,202 - [INFO] - --- INICIANDO ANÁLISE PARA: PETR4 ---
2025-08-04 02:26:47,214 - [INFO] - Dados para PETR4 carregados com sucesso. A iniciar a renderização das análises.
2025-08-04 02:26:47,215 - [INFO] - Dados completos recebidos:
{
  "Papel": "PETR4",
  "Cotação": "32,21",
  "Tipo": "PN",
  "Data últ cot": "01/08/2025",
  "Empresa": "PETROBRAS PN",
  "Min 52 sem": "28,88",
  "Setor": "Petróleo, Gás e Biocombustíveis",
  "Max 52 sem": "36,60",
  "Subsetor": "Exploração, Refino e Distribuição",
  "Vol $ méd (2m)": "1.046.110.000",
  "Valor de mercado": "415.146.000.000",
  "Últ balanço processado": "31/03/2025",
  "Valor da firma": "741.422.000.000",
  "Nro. Ações": "12.888.700.000",
  "Oscilações": "Indicadores fundamentalistas",
  "Dia": "-1,32%",
  "P/L": "8,63",
  "LPA": "3,73",
  "Mês": "-1,71%",
  "P/VP": "1,05",
  "VPA": "30,71",
  "30 dias": "2,65%",
  "P/EBIT": "1,97",
  "Marg. Bruta": "49,7%",
  "12 meses": "0,01%",
  "PSR": "0,84",
  "Marg. EBIT": "42,4%",
  "2025": "-6,38%",
  "P/Ativos": "0,36",
  "Marg. Líquida": "9,8%",
  "2024": "18,02%",
  "P/Cap. Giro": "-8,48",
  "EBIT / Ativo": "18,3%",
  "2023": "94,43%",
  "P/Ativ Circ Liq": "-0,66",
  "ROIC": "19,6%",
  "2022": "46,00%",
  "ROE": "12,2%",
  "2021": "22,75%",
  "EV / EBITDA": "2,65",
  "Liquidez Corr": "0,72",
  "2020": "-7,69%",
  "EV / EBIT": "3,53",
  "Div Br/ Patrim": "0,94",
  "Cres. Rec (5a)": "11,5%",
  "Giro Ativos": "0,43",
  "Ativo": "1.147.720.000.000",
  "Dív. Bruta": "370.314.000.000",
  "Disponibilidades": "44.038.000.000",
  "Dív. Líquida": "326.276.000.000",
  "Ativo Circulante": "124.853.000.000",
  "Patrim. Líq": "395.841.000.000",
  "Últimos 12 meses": "Últimos 3 meses",
  "Receita Líquida": "123.144.000.000",
  "EBIT": "51.741.000.000",
  "Lucro Líquido": "35.209.000.000",
  "Nome": "PETROBRAS PN",
  "Div.Yield": "17,4%"
}
2025-08-04 02:26:47,862 - [INFO] - Renderização completa para PETR4.
